[2022-08-04 00:32:58,205] INFO Starting the log cleaner (kafka.log.LogCleaner)
[2022-08-04 00:32:58,286] INFO [kafka-log-cleaner-thread-0]: Starting (kafka.log.LogCleaner)
[2022-08-04 00:55:27,606] INFO Starting the log cleaner (kafka.log.LogCleaner)
[2022-08-04 00:55:27,682] INFO [kafka-log-cleaner-thread-0]: Starting (kafka.log.LogCleaner)
[2022-08-04 01:06:06,506] INFO Starting the log cleaner (kafka.log.LogCleaner)
[2022-08-04 01:06:06,663] INFO [kafka-log-cleaner-thread-0]: Starting (kafka.log.LogCleaner)
[2022-08-04 01:06:07,587] INFO Shutting down the log cleaner. (kafka.log.LogCleaner)
[2022-08-04 01:06:07,587] INFO [kafka-log-cleaner-thread-0]: Shutting down (kafka.log.LogCleaner)
[2022-08-04 01:06:07,590] INFO [kafka-log-cleaner-thread-0]: Stopped (kafka.log.LogCleaner)
[2022-08-04 01:06:07,590] INFO [kafka-log-cleaner-thread-0]: Shutdown completed (kafka.log.LogCleaner)
[2022-08-04 19:28:30,511] INFO Starting the log cleaner (kafka.log.LogCleaner)
[2022-08-04 19:28:30,596] INFO [kafka-log-cleaner-thread-0]: Starting (kafka.log.LogCleaner)
[2022-08-04 21:11:52,053] INFO Starting the log cleaner (kafka.log.LogCleaner)
[2022-08-04 21:11:52,135] INFO [kafka-log-cleaner-thread-0]: Starting (kafka.log.LogCleaner)
[2022-08-04 21:11:53,048] INFO Shutting down the log cleaner. (kafka.log.LogCleaner)
[2022-08-04 21:11:53,049] INFO [kafka-log-cleaner-thread-0]: Shutting down (kafka.log.LogCleaner)
[2022-08-04 21:11:53,052] INFO [kafka-log-cleaner-thread-0]: Stopped (kafka.log.LogCleaner)
[2022-08-04 21:11:53,052] INFO [kafka-log-cleaner-thread-0]: Shutdown completed (kafka.log.LogCleaner)
[2022-08-04 21:14:59,785] INFO Starting the log cleaner (kafka.log.LogCleaner)
[2022-08-04 21:14:59,865] INFO [kafka-log-cleaner-thread-0]: Starting (kafka.log.LogCleaner)
